# >:]

# name  = base.log
# descr = generate a log entry
# args  = log_level log_msg [log_buffer] [time-stamp]

my ( $log_level, $log_msg, $log_buffer, $time_stamp )
    = ( $_[0] || 0, $_[1] // '', $_[2] // '', $_[3] );

$log_level = 0 if $log_level !~ m|^\d+$|;
$time_stamp //= $code{'base.anum_log_time'}->();

<system.verbosity.console>       //= 0;
<system.verbosity.agent_buffer>  //= 1;
<system.verbosity.agent_logfile> //= 0;

return
        if $log_level > <system.verbosity.console>
    and $log_level > <system.verbosity.agent_buffer>
    and $log_level > <system.verbosity.agent_logfile>;

$log_buffer = 'agent' if !length($log_buffer);

$log_msg = 'UNDEFINED LOG MESSAGE' if !length($log_msg);

$log_msg =~ s|\r|\\r|g;
$log_msg =~ s|\n|\\n|g;
$log_msg =~ s|\0|\\0|g;
$log_msg =~ s|\e|\\e|g;

## prevent deep recursions in error log system ###
my $fatal_exit
    = ( $log_msg =~ m|Deep recursion | and $log_msg =~ m,log|buffer, ) ? 1 : 0;

$log_msg = "call to unknown subroutine while executing '$1'!"
    if $log_msg
    =~ m|\$code\{'([^\']*)'\}.+Can't use string \(""\) as a subroutine|;

my $dots = <log.dots> //= '.';

my $agent_prefix
    = sprintf( ":.%s%s%s.:", <system.node.name>, $dots, <system.agent.name> );

my $log_str;
if ( $log_level > 0 ) {
    $log_str = "$agent_prefix $log_msg";
} else {
    $log_str = "$agent_prefix $ANSI{bold}$ANSI{yelblue}$log_msg$ANSI{normal}";
}

if ($fatal_exit) {
    say STDERR $log_str, "$agent_prefix << EMERGENCY SHUTDOWN >> ",
        " [ anticipated deep recursion in log system ]";
    exit 2;
}

# write to 'agent' log buffer
if ( defined $code{'base.buffer.add_line'} ) {
    <[base.buffer.add_line]>->(
        $log_buffer, join( ' ', $time_stamp, $log_level, $log_msg ), $log_level
        )
        if $log_level <= <system.verbosity.agent_buffer>
        or $log_level <= <system.verbosity.agent_logfile>;
}

# print to console
utf8::decode($log_str)
    and say $log_str
    if fileno(STDOUT)
    and $log_level <= <system.verbosity.console>;

# ______________________________________________________________________________
#\\5C3ANDCCKUR7V3BBGMHU6QAY5LTCSPG2L7IDMRP3FJZNWUWPVZOG5G5RZDEBHYBC7LK7AMG4ZQCY2
# \\ RQBX6USO4YC37VCOHMW7OHII2FUFTYNZH3DUOIQMFRCXGBUT3XI3 \\// C25519-BASE-32 //
#  \\// 5346WVAPKZOG356R6HJPO4GWH5ZZ4QF22K4NDEZ4JSDYVEC3UAY \\ CODE SIGNATURE \\
#   ````````````````````````````````````````````````````````````````````````````
