# >:]

# name  = net.out
# descr = write data to client
# args  = filehandle, data [string]

if ( fileno $_[0] ) {
    my $cid = $data{'handle'}{ $_[0] }{'cid'};

    if (    defined $data{'handle'}{ $_[0] }
        and defined $cid
        and defined $data{'session'}{$cid}{'output'}
        and defined $data{'session'}{$cid}{'output'}{'handler'} ) {
        if ( defined &{ $code{ $data{'session'}{$cid}{'output'}{'handler'} } } )
        {
            <[base.s_write]>->(
                $_[0],
                $code{ $data{'session'}{$cid}{'output'}{'handler'} }->( $_[1] )
            );
        } else {
            <[base.log]>->(
                0, "[$_[0]] output chain handler is not valid. [ deleted ]"
            );
            $data{'session'}{$cid}{'output'}{'handler'} = undef;

            ## <[base.session.shutdown]>->( $id, 'filter chain error' );

            return 1;
        }
    } else {
        <[base.s_write]>->( $_[0], $_[1] );
    }

    if ( defined $cid ) {
        $data{'session'}{$cid}{'bytes'}{'in'}
            += length( $_[1] );
    } else {
        $data{'handle'}{ $_[0] }{'bytes'}{'in'} += length( $_[1] );
    }
    return 0;
} else {
    <[base.log]>->( 0, "[$_[0]] can not send to socket" );
    return 1;
}

# ______________________________________________________________________________
#\\UFCRIGOK5JC3GNPE3RNAWWMQ72SNFAU3WY3JLBJAOD6MAWY467X7ZRMESL55THXJPB7WY4O55NGTY
# \\ IJE4MA4JUNY5OBNIVRFIWVQOBCLLMIJLHQE45KEBLQ4NJZX3IE2T \\// C25519-BASE-32 //
#  \\// 4BTPDWI37W3SNXDS4JWZSAZJOEK2KPA6S2XLYEBURGCLFSHFODA \\ CODE SIGNATURE \\
#   ````````````````````````````````````````````````````````````````````````````
